Environment at start of build:
ALLUSERSPROFILE = C:\ProgramData
APPDATA = C:\Users\Marius\AppData\Roaming
CASSANDRA_HOME = C:\Program Files\DataStax Community\apache-cassandra\
CommonProgramFiles = C:\Program Files (x86)\Common Files
CommonProgramFiles(x86) = C:\Program Files (x86)\Common Files
CommonProgramW6432 = C:\Program Files\Common Files
COMPUTERNAME = DESKTOP-UFPJJ9C
ComSpec = C:\WINDOWS\system32\cmd.exe
DriverData = C:\Windows\System32\Drivers\DriverData
DSCINSTALLDIR = C:\Program Files\DataStax Community\
FPS_BROWSER_APP_PROFILE_STRING = Internet Explorer
FPS_BROWSER_USER_PROFILE_STRING = Default
FSHARPINSTALLDIR = C:\Program Files (x86)\Microsoft SDKs\F#\4.1\Framework\v4.0\
HOMEDRIVE = C:
HOMEPATH = \Users\Marius
LOCALAPPDATA = C:\Users\Marius\AppData\Local
LOGONSERVER = \\DESKTOP-UFPJJ9C
MSBuildLoadMicrosoftTargetsReadOnly = true
NUMBER_OF_PROCESSORS = 8
OneDrive = C:\Users\Marius\OneDrive
OS = Windows_NT
Path = C:\Program Files\Python37\Scripts\;C:\Program Files\Python37\;C:\Python\Python38\Scripts\;C:\Python\Python38\;C:\Program Files (x86)\Common Files\Oracle\Java\javapath;C:\Program Files\Docker\Docker\Resources\bin;C:\ProgramData\Oracle\Java\javapath;C:\Windows\system32;C:\Windows;C:\Windows\System32\Wbem;C:\Windows\System32\WindowsPowerShell\v1.0\;C:\Program Files (x86)\NVIDIA Corporation\PhysX\Common;C:\WINDOWS\system32;C:\WINDOWS;C:\WINDOWS\System32\Wbem;C:\WINDOWS\System32\WindowsPowerShell\v1.0\;C:\Program Files\dotnet\;C:\Program Files\Microsoft SQL Server\130\Tools\Binn\;C:\Program Files\CMake\bin;C:\Program Files\doxygen\bin;C:\WINDOWS\System32\OpenSSH\;C:\Program Files\Redis;C:\Program Files\Microsoft SQL Server\Client SDK\ODBC\130\Tools\Binn\;C:\Program Files (x86)\Microsoft SQL Server\140\Tools\Binn\;C:\Program Files\Microsoft SQL Server\140\Tools\Binn\;C:\Program Files\Microsoft SQL Server\140\DTS\Binn\;C:\Program Files (x86)\Microsoft SQL Server\Client SDK\ODBC\130\Tools\Binn\;C:\Program Files (x86)\Microsoft SQL Server\140\DTS\Binn\;C:\Program Files (x86)\Microsoft SQL Server\140\Tools\Binn\ManagementStudio\;C:\Program Files\PuTTY\;C:\Users\Marius\AppData\Local\Programs\Python\Python36-32;C:\TDM-GCC-64\bin;C:\Program Files (x86)\Java\jre1.8.0_191\bin;C:\Users\Marius\AppData\Local\Microsoft\WindowsApps;;C:\Program Files\JetBrains\PyCharm Community Edition 2019.2.4\bin;;C:\Program Files\JetBrains\PyCharm 2019.2.4\bin;
PATHEXT = .COM;.EXE;.BAT;.CMD;.VBS;.VBE;.JS;.JSE;.WSF;.WSH;.MSC;.PY;.PYW
PkgDefApplicationConfigFile = C:\Users\Marius\AppData\Local\Microsoft\VisualStudio\15.0_531aeba2\devenv.exe.config
PROCESSOR_ARCHITECTURE = x86
PROCESSOR_ARCHITEW6432 = AMD64
PROCESSOR_IDENTIFIER = Intel64 Family 6 Model 142 Stepping 10, GenuineIntel
PROCESSOR_LEVEL = 6
PROCESSOR_REVISION = 8e0a
ProgramData = C:\ProgramData
ProgramFiles = C:\Program Files (x86)
ProgramFiles(x86) = C:\Program Files (x86)
ProgramW6432 = C:\Program Files
PRUNMGR = C:\Program Files\DataStax Community\utils\prunmgr.exe
PRUNSRV = C:\Program Files\DataStax Community\utils\prunsrv.exe
PSModulePath = C:\Program Files\WindowsPowerShell\Modules;C:\WINDOWS\system32\WindowsPowerShell\v1.0\Modules;C:\Program Files (x86)\Microsoft SQL Server\140\Tools\PowerShell\Modules\
PT5HOME = C:\Program Files (x86)\Cisco Packet Tracer 5.3.3
PUBLIC = C:\Users\Public
PyCharm = C:\Program Files\JetBrains\PyCharm 2019.2.4\bin;
PyCharm Community Edition = C:\Program Files\JetBrains\PyCharm Community Edition 2019.2.4\bin;
SESSIONNAME = Console
SystemDrive = C:
SystemRoot = C:\WINDOWS
TEMP = C:\Users\Marius\AppData\Local\Temp
TMP = C:\Users\Marius\AppData\Local\Temp
USERDOMAIN = DESKTOP-UFPJJ9C
USERDOMAIN_ROAMINGPROFILE = DESKTOP-UFPJJ9C
USERNAME = Marius
USERPROFILE = C:\Users\Marius
VBOX_MSI_INSTALL_PATH = C:\Program Files\Oracle\VirtualBox\
VisualStudioDir = C:\Users\Marius\Documents\Visual Studio 2017
VisualStudioEdition = Microsoft Visual Studio Enterprise 2017
VisualStudioVersion = 15.0
VSAPPIDDIR = C:\Program Files (x86)\Microsoft Visual Studio\2017\Enterprise\Common7\IDE\
VSAPPIDNAME = devenv.exe
VSLANG = 1033
VSSKUEDITION = Enterprise
windir = C:\WINDOWS

  Block-Chain.cpp
  Block-Chain.vcxproj -> C:\Users\Marius\Desktop\5 semestro uzrasai\Uzduotys\Block-chain\Block-Chain\Debug\Block-Chain.exe

Project Performance Summary:
      795 ms  C:\Users\Marius\Desktop\5 semestro uzrasai\Uzduotys\Block-chain\Block-Chain\Block-Chain\Block-Chain.vcxproj   1 calls
                795 ms  Build                                      1 calls

Target Performance Summary:
        0 ms  _ResourceCompile                           1 calls
        0 ms  ComputeCustomBuildOutput                   1 calls
        0 ms  ComputeRCGeneratedLinkInputs               1 calls
        0 ms  ComputeRCOutputs                           1 calls
        0 ms  BeforeLink                                 1 calls
        0 ms  ComputeLegacyManifestEmbedding             1 calls
        0 ms  BuildLinkTraverse                          1 calls
        0 ms  BuildCompile                               1 calls
        0 ms  _BuildCompileAction                        1 calls
        0 ms  AfterBuildCompileEvent                     1 calls
        0 ms  Build                                      1 calls
        0 ms  AfterResourceCompile                       1 calls
        0 ms  BeforeResourceCompile                      1 calls
        0 ms  _ClCompile                                 1 calls
        0 ms  AfterClCompile                             1 calls
        0 ms  GetCopyToOutputDirectoryXamlAppDefs        1 calls
        0 ms  SelectClCompile                            1 calls
        0 ms  _BscMake                                   1 calls
        0 ms  ComputeCLOutputs                           1 calls
        0 ms  _SelectedFiles                             1 calls
        0 ms  ComputeCLGeneratedLinkInputs               1 calls
        0 ms  AssignTargetPaths                          1 calls
        0 ms  MakeDirsForBscMake                         1 calls
        0 ms  ComputeCLCompileGeneratedSbrFiles          1 calls
        0 ms  _XdcMake                                   1 calls
        0 ms  MakeDirsForXdcMake                         1 calls
        0 ms  ResolvedXDCMake                            1 calls
        0 ms  RegisterOutput                             1 calls
        0 ms  _Manifest                                  1 calls
        0 ms  _ALink                                     1 calls
        0 ms  _Link                                      1 calls
        0 ms  AfterLink                                  1 calls
        0 ms  CreateSatelliteAssemblies                  1 calls
        0 ms  _Appverifier                               1 calls
        0 ms  _Deploy                                    1 calls
        0 ms  PreLinkEvent                               1 calls
        0 ms  DoLinkOutputFilesMatch                     1 calls
        0 ms  PrepareResourceNames                       1 calls
        0 ms  CreateCustomManifestResourceNames          1 calls
        0 ms  ComputeLinkInputsFromProject               1 calls
        0 ms  FixupCLCompileOptions                      1 calls
        0 ms  SelectCustomBuild                          1 calls
        0 ms  _GenerateSatelliteAssemblyInputs           1 calls
        0 ms  ResolveReferences                          1 calls
        0 ms  AfterResolveReferences                     1 calls
        0 ms  ResolveAssemblyReferences                  1 calls
        0 ms  GetCopyToOutputDirectoryItems              1 calls
        0 ms  AfterBuild                                 1 calls
        0 ms  ExpandSDKReferences                        1 calls
        0 ms  ResolveSDKReferences                       1 calls
        0 ms  CopyFilesToOutputDirectory                 1 calls
        0 ms  _SplitProjectReferencesByFileExistence     1 calls
        0 ms  PrepareForRun                              1 calls
        0 ms  PostBuildEvent                             1 calls
        0 ms  PlatformPrepareForBuild                    1 calls
        0 ms  BuildLink                                  1 calls
        0 ms  _BuildLinkAction                           1 calls
        0 ms  GetReferenceAssemblyPaths                  1 calls
        0 ms  BeforeResolveReferences                    1 calls
        0 ms  PrepareProjectReferences                   1 calls
        0 ms  _PrepareForReferenceResolution             1 calls
        0 ms  BeforeBuildGenerateSources                 1 calls
        0 ms  _PrepareForBuild                           1 calls
        0 ms  ComputeCLInputPDBName                      1 calls
        0 ms  BeforeClCompile                            1 calls
        0 ms  BuildCompileTraverse                       1 calls
        0 ms  BuildGenerateSources                       1 calls
        0 ms  _BuildGenerateSourcesAction                1 calls
        0 ms  AfterBuildGenerateSourcesEvent             1 calls
        0 ms  BuildGenerateSourcesTraverse               1 calls
        0 ms  ResolveProjectReferences                   1 calls
        0 ms  _Midl                                      1 calls
        0 ms  AfterMidl                                  1 calls
        0 ms  _CopySourceItemsToOutputDirectory          1 calls
        0 ms  MakeDirsForMidl                            1 calls
        0 ms  _Xsd                                       1 calls
        0 ms  PreBuildEvent                              1 calls
        0 ms  AfterBuildGenerateSources                  1 calls
        1 ms  MakeDirsForResourceCompile                 1 calls
        1 ms  ComputeCLCompileGeneratedXDCFiles          1 calls
        1 ms  _HandlePackageFileConflicts                1 calls
        1 ms  _CheckForCompileOutputs                    1 calls
        1 ms  GetFrameworkPaths                          1 calls
        1 ms  MakeDirsForCl                              1 calls
        1 ms  MakeDirsForLink                            1 calls
        1 ms  ComputeManifestInputsTargets               1 calls
        1 ms  ComputeReferenceCLInput                    1 calls
        1 ms  GetResolvedWinMD                           1 calls
        1 ms  SplitResourcesByCulture                    1 calls
        1 ms  ComputeManifestGeneratedLinkerInputs       1 calls
        1 ms  CleanupEmptyRefsFolder                     1 calls
        1 ms  SetBuildDefaultEnvironmentVariables        1 calls
        1 ms  _GetProjectReferenceTargetFrameworkProperties   1 calls
        1 ms  WarnCompileDuplicatedFilename              1 calls
        1 ms  ComputeMIDLGeneratedCompileInputs          1 calls
        1 ms  AssignProjectConfiguration                 1 calls
        1 ms  ComputeLinkSwitches                        1 calls
        1 ms  Desktop_PlatformPrepareForBuild            1 calls
        2 ms  _CheckForInvalidConfigurationAndPlatform   1 calls
        2 ms  ComputeLinkImportLibraryOutputsForClean    1 calls
        4 ms  FinalizeBuildStatus                        1 calls
        4 ms  InitializeBuildStatus                      1 calls
        9 ms  PrepareForBuild                            1 calls
       11 ms  SetCABuildNativeEnvironmentVariables       1 calls
      294 ms  Link                                       1 calls
      445 ms  ClCompile                                  1 calls
